<?xml version="1.0" encoding="UTF-8"?>
<testsuite name="com.kodilla.patterns2.facade.manytomany.facade.FacadeTestSuite" tests="2" skipped="0" failures="0" errors="0" timestamp="2021-04-02T13:32:31" hostname="DESKTOP-VB1LQU2" time="0.477">
  <properties/>
  <testcase name="findCompanyByPartName()" classname="com.kodilla.patterns2.facade.manytomany.facade.FacadeTestSuite" time="0.344"/>
  <testcase name="findEmployeeByPartName()" classname="com.kodilla.patterns2.facade.manytomany.facade.FacadeTestSuite" time="0.132"/>
  <system-out><![CDATA[14:32:27.704 [Test worker] DEBUG org.springframework.test.context.BootstrapUtils - Instantiating CacheAwareContextLoaderDelegate from class [org.springframework.test.context.cache.DefaultCacheAwareContextLoaderDelegate]
14:32:27.717 [Test worker] DEBUG org.springframework.test.context.BootstrapUtils - Instantiating BootstrapContext using constructor [public org.springframework.test.context.support.DefaultBootstrapContext(java.lang.Class,org.springframework.test.context.CacheAwareContextLoaderDelegate)]
14:32:27.754 [Test worker] DEBUG org.springframework.test.context.BootstrapUtils - Instantiating TestContextBootstrapper for test class [com.kodilla.patterns2.facade.manytomany.facade.FacadeTestSuite] from class [org.springframework.boot.test.context.SpringBootTestContextBootstrapper]
14:32:27.764 [Test worker] INFO org.springframework.boot.test.context.SpringBootTestContextBootstrapper - Neither @ContextConfiguration nor @ContextHierarchy found for test class [com.kodilla.patterns2.facade.manytomany.facade.FacadeTestSuite], using SpringBootContextLoader
14:32:27.768 [Test worker] DEBUG org.springframework.test.context.support.AbstractContextLoader - Did not detect default resource location for test class [com.kodilla.patterns2.facade.manytomany.facade.FacadeTestSuite]: class path resource [com/kodilla/patterns2/facade/manytomany/facade/FacadeTestSuite-context.xml] does not exist
14:32:27.769 [Test worker] DEBUG org.springframework.test.context.support.AbstractContextLoader - Did not detect default resource location for test class [com.kodilla.patterns2.facade.manytomany.facade.FacadeTestSuite]: class path resource [com/kodilla/patterns2/facade/manytomany/facade/FacadeTestSuiteContext.groovy] does not exist
14:32:27.769 [Test worker] INFO org.springframework.test.context.support.AbstractContextLoader - Could not detect default resource locations for test class [com.kodilla.patterns2.facade.manytomany.facade.FacadeTestSuite]: no resource found for suffixes {-context.xml, Context.groovy}.
14:32:27.770 [Test worker] INFO org.springframework.test.context.support.AnnotationConfigContextLoaderUtils - Could not detect default configuration classes for test class [com.kodilla.patterns2.facade.manytomany.facade.FacadeTestSuite]: FacadeTestSuite does not declare any static, non-private, non-final, nested classes annotated with @Configuration.
14:32:27.813 [Test worker] DEBUG org.springframework.test.context.support.ActiveProfilesUtils - Could not find an 'annotation declaring class' for annotation type [org.springframework.test.context.ActiveProfiles] and class [com.kodilla.patterns2.facade.manytomany.facade.FacadeTestSuite]
14:32:27.893 [Test worker] DEBUG org.springframework.context.annotation.ClassPathScanningCandidateComponentProvider - Identified candidate component class: file [D:\kodilla\projekty\kodilla-patterns2\build\classes\java\main\com\kodilla\patterns2\KodillaApplication.class]
14:32:27.895 [Test worker] INFO org.springframework.boot.test.context.SpringBootTestContextBootstrapper - Found @SpringBootConfiguration com.kodilla.patterns2.KodillaApplication for test class com.kodilla.patterns2.facade.manytomany.facade.FacadeTestSuite
14:32:27.987 [Test worker] DEBUG org.springframework.boot.test.context.SpringBootTestContextBootstrapper - @TestExecutionListeners is not present for class [com.kodilla.patterns2.facade.manytomany.facade.FacadeTestSuite]: using defaults.
14:32:27.988 [Test worker] INFO org.springframework.boot.test.context.SpringBootTestContextBootstrapper - Loaded default TestExecutionListener class names from location [META-INF/spring.factories]: [org.springframework.boot.test.autoconfigure.restdocs.RestDocsTestExecutionListener, org.springframework.boot.test.autoconfigure.web.client.MockRestServiceServerResetTestExecutionListener, org.springframework.boot.test.autoconfigure.web.servlet.MockMvcPrintOnlyOnFailureTestExecutionListener, org.springframework.boot.test.autoconfigure.web.servlet.WebDriverTestExecutionListener, org.springframework.boot.test.autoconfigure.webservices.client.MockWebServiceServerTestExecutionListener, org.springframework.boot.test.mock.mockito.MockitoTestExecutionListener, org.springframework.boot.test.mock.mockito.ResetMocksTestExecutionListener, org.springframework.test.context.web.ServletTestExecutionListener, org.springframework.test.context.support.DirtiesContextBeforeModesTestExecutionListener, org.springframework.test.context.event.ApplicationEventsTestExecutionListener, org.springframework.test.context.support.DependencyInjectionTestExecutionListener, org.springframework.test.context.support.DirtiesContextTestExecutionListener, org.springframework.test.context.transaction.TransactionalTestExecutionListener, org.springframework.test.context.jdbc.SqlScriptsTestExecutionListener, org.springframework.test.context.event.EventPublishingTestExecutionListener]
14:32:27.997 [Test worker] DEBUG org.springframework.boot.test.context.SpringBootTestContextBootstrapper - Skipping candidate TestExecutionListener [org.springframework.test.context.web.ServletTestExecutionListener] due to a missing dependency. Specify custom listener classes or make the default listener classes and their required dependencies available. Offending class: [javax/servlet/ServletContext]
14:32:28.004 [Test worker] INFO org.springframework.boot.test.context.SpringBootTestContextBootstrapper - Using TestExecutionListeners: [org.springframework.test.context.support.DirtiesContextBeforeModesTestExecutionListener@35647c33, org.springframework.test.context.event.ApplicationEventsTestExecutionListener@15b0ca9a, org.springframework.boot.test.mock.mockito.MockitoTestExecutionListener@20138cf2, org.springframework.boot.test.autoconfigure.SpringBootDependencyInjectionTestExecutionListener@7394f915, org.springframework.test.context.support.DirtiesContextTestExecutionListener@650786b0, org.springframework.test.context.transaction.TransactionalTestExecutionListener@76f06490, org.springframework.test.context.jdbc.SqlScriptsTestExecutionListener@4ab812a0, org.springframework.test.context.event.EventPublishingTestExecutionListener@1eb006b3, org.springframework.boot.test.autoconfigure.restdocs.RestDocsTestExecutionListener@475b21d3, org.springframework.boot.test.autoconfigure.web.client.MockRestServiceServerResetTestExecutionListener@32fa194c, org.springframework.boot.test.autoconfigure.web.servlet.MockMvcPrintOnlyOnFailureTestExecutionListener@38dd20a1, org.springframework.boot.test.autoconfigure.web.servlet.WebDriverTestExecutionListener@26463c97, org.springframework.boot.test.autoconfigure.webservices.client.MockWebServiceServerTestExecutionListener@388dd435, org.springframework.boot.test.mock.mockito.ResetMocksTestExecutionListener@5a5f8a11]
14:32:28.008 [Test worker] DEBUG org.springframework.test.context.support.AbstractDirtiesContextTestExecutionListener - Before test class: context [DefaultTestContext@6c08caf0 testClass = FacadeTestSuite, testInstance = [null], testMethod = [null], testException = [null], mergedContextConfiguration = [MergedContextConfiguration@4b28c82a testClass = FacadeTestSuite, locations = '{}', classes = '{class com.kodilla.patterns2.KodillaApplication}', contextInitializerClasses = '[]', activeProfiles = '{}', propertySourceLocations = '{}', propertySourceProperties = '{org.springframework.boot.test.context.SpringBootTestContextBootstrapper=true}', contextCustomizers = set[org.springframework.boot.test.autoconfigure.actuate.metrics.MetricsExportContextCustomizerFactory$DisableMetricExportContextCustomizer@46c84ead, org.springframework.boot.test.autoconfigure.properties.PropertyMappingContextCustomizer@0, org.springframework.boot.test.autoconfigure.web.servlet.WebDriverContextCustomizerFactory$Customizer@20992a2a, org.springframework.boot.test.context.filter.ExcludeFilterContextCustomizer@17dd3e4c, org.springframework.boot.test.json.DuplicateJsonObjectContextCustomizerFactory$DuplicateJsonObjectContextCustomizer@6dd0f3f0, org.springframework.boot.test.mock.mockito.MockitoContextCustomizer@0, org.springframework.boot.test.web.client.TestRestTemplateContextCustomizer@4e37456e, org.springframework.boot.test.context.SpringBootTestArgs@1, org.springframework.boot.test.context.SpringBootTestWebEnvironment@1e5dbda9], contextLoader = 'org.springframework.boot.test.context.SpringBootContextLoader', parent = [null]], attributes = map[[empty]]], class annotated with @DirtiesContext [false] with mode [null].
14:32:28.021 [Test worker] DEBUG org.springframework.test.context.support.DependencyInjectionTestExecutionListener - Performing dependency injection for test context [[DefaultTestContext@6c08caf0 testClass = FacadeTestSuite, testInstance = com.kodilla.patterns2.facade.manytomany.facade.FacadeTestSuite@740bdb81, testMethod = [null], testException = [null], mergedContextConfiguration = [MergedContextConfiguration@4b28c82a testClass = FacadeTestSuite, locations = '{}', classes = '{class com.kodilla.patterns2.KodillaApplication}', contextInitializerClasses = '[]', activeProfiles = '{}', propertySourceLocations = '{}', propertySourceProperties = '{org.springframework.boot.test.context.SpringBootTestContextBootstrapper=true}', contextCustomizers = set[org.springframework.boot.test.autoconfigure.actuate.metrics.MetricsExportContextCustomizerFactory$DisableMetricExportContextCustomizer@46c84ead, org.springframework.boot.test.autoconfigure.properties.PropertyMappingContextCustomizer@0, org.springframework.boot.test.autoconfigure.web.servlet.WebDriverContextCustomizerFactory$Customizer@20992a2a, org.springframework.boot.test.context.filter.ExcludeFilterContextCustomizer@17dd3e4c, org.springframework.boot.test.json.DuplicateJsonObjectContextCustomizerFactory$DuplicateJsonObjectContextCustomizer@6dd0f3f0, org.springframework.boot.test.mock.mockito.MockitoContextCustomizer@0, org.springframework.boot.test.web.client.TestRestTemplateContextCustomizer@4e37456e, org.springframework.boot.test.context.SpringBootTestArgs@1, org.springframework.boot.test.context.SpringBootTestWebEnvironment@1e5dbda9], contextLoader = 'org.springframework.boot.test.context.SpringBootContextLoader', parent = [null]], attributes = map['org.springframework.test.context.event.ApplicationEventsTestExecutionListener.recordApplicationEvents' -> false]]].
14:32:28.054 [Test worker] DEBUG org.springframework.test.context.support.TestPropertySourceUtils - Adding inlined properties to environment: {spring.jmx.enabled=false, org.springframework.boot.test.context.SpringBootTestContextBootstrapper=true}

  .   ____          _            __ _ _
 /\\ / ___'_ __ _ _(_)_ __  __ _ \ \ \ \
( ( )\___ | '_ | '_| | '_ \/ _` | \ \ \ \
 \\/  ___)| |_)| | | | | || (_| |  ) ) ) )
  '  |____| .__|_| |_|_| |_\__, | / / / /
 =========|_|==============|___/=/_/_/_/
 :: Spring Boot ::                (v2.4.2)

2021-04-02 14:32:28.291  INFO 18132 --- [    Test worker] c.k.p.f.m.facade.FacadeTestSuite         : Starting FacadeTestSuite using Java 11.0.8 on DESKTOP-VB1LQU2 with PID 18132 (started by 35389 in D:\kodilla\projekty\kodilla-patterns2)
2021-04-02 14:32:28.294  INFO 18132 --- [    Test worker] c.k.p.f.m.facade.FacadeTestSuite         : No active profile set, falling back to default profiles: default
2021-04-02 14:32:28.736  INFO 18132 --- [    Test worker] .s.d.r.c.RepositoryConfigurationDelegate : Multiple Spring Data modules found, entering strict repository configuration mode!
2021-04-02 14:32:28.737  INFO 18132 --- [    Test worker] .s.d.r.c.RepositoryConfigurationDelegate : Bootstrapping Spring Data JDBC repositories in DEFAULT mode.
2021-04-02 14:32:28.782  INFO 18132 --- [    Test worker] .RepositoryConfigurationExtensionSupport : Spring Data JDBC - Could not safely identify store assignment for repository candidate interface com.kodilla.patterns2.facade.manytomany.CompanyDao. If you want this repository to be a JDBC repository, consider annotating your entities with one of these annotations: org.springframework.data.relational.core.mapping.Table.
2021-04-02 14:32:28.784  INFO 18132 --- [    Test worker] .RepositoryConfigurationExtensionSupport : Spring Data JDBC - Could not safely identify store assignment for repository candidate interface com.kodilla.patterns2.facade.manytomany.EmployeeDao. If you want this repository to be a JDBC repository, consider annotating your entities with one of these annotations: org.springframework.data.relational.core.mapping.Table.
2021-04-02 14:32:28.785  INFO 18132 --- [    Test worker] .s.d.r.c.RepositoryConfigurationDelegate : Finished Spring Data repository scanning in 43 ms. Found 0 JDBC repository interfaces.
2021-04-02 14:32:28.798  INFO 18132 --- [    Test worker] .s.d.r.c.RepositoryConfigurationDelegate : Multiple Spring Data modules found, entering strict repository configuration mode!
2021-04-02 14:32:28.800  INFO 18132 --- [    Test worker] .s.d.r.c.RepositoryConfigurationDelegate : Bootstrapping Spring Data JPA repositories in DEFAULT mode.
2021-04-02 14:32:28.840  INFO 18132 --- [    Test worker] .s.d.r.c.RepositoryConfigurationDelegate : Finished Spring Data repository scanning in 36 ms. Found 2 JPA repository interfaces.
2021-04-02 14:32:29.383  INFO 18132 --- [    Test worker] o.hibernate.jpa.internal.util.LogHelper  : HHH000204: Processing PersistenceUnitInfo [name: default]
2021-04-02 14:32:29.447  INFO 18132 --- [    Test worker] org.hibernate.Version                    : HHH000412: Hibernate ORM core version 5.4.27.Final
2021-04-02 14:32:29.604  INFO 18132 --- [    Test worker] o.hibernate.annotations.common.Version   : HCANN000001: Hibernate Commons Annotations {5.1.2.Final}
2021-04-02 14:32:29.727  INFO 18132 --- [    Test worker] com.zaxxer.hikari.HikariDataSource       : HikariPool-1 - Starting...
2021-04-02 14:32:29.909  INFO 18132 --- [    Test worker] com.zaxxer.hikari.HikariDataSource       : HikariPool-1 - Start completed.
2021-04-02 14:32:29.926  INFO 18132 --- [    Test worker] org.hibernate.dialect.Dialect            : HHH000400: Using dialect: org.hibernate.dialect.MySQL57Dialect
2021-04-02 14:32:30.626  INFO 18132 --- [    Test worker] o.h.e.t.j.p.i.JtaPlatformInitiator       : HHH000490: Using JtaPlatform implementation: [org.hibernate.engine.transaction.jta.platform.internal.NoJtaPlatform]
2021-04-02 14:32:30.644  INFO 18132 --- [    Test worker] j.LocalContainerEntityManagerFactoryBean : Initialized JPA EntityManagerFactory for persistence unit 'default'
2021-04-02 14:32:31.246  INFO 18132 --- [    Test worker] c.k.p.f.m.facade.FacadeTestSuite         : Started FacadeTestSuite in 3.189 seconds (JVM running for 4.571)
Hibernate: select next_val as id_val from hibernate_sequence for update
Hibernate: update hibernate_sequence set next_val= ? where next_val=?
Hibernate: select next_val as id_val from hibernate_sequence for update
Hibernate: update hibernate_sequence set next_val= ? where next_val=?
Hibernate: select next_val as id_val from hibernate_sequence for update
Hibernate: update hibernate_sequence set next_val= ? where next_val=?
Hibernate: select next_val as id_val from hibernate_sequence for update
Hibernate: update hibernate_sequence set next_val= ? where next_val=?
Hibernate: select next_val as id_val from hibernate_sequence for update
Hibernate: update hibernate_sequence set next_val= ? where next_val=?
Hibernate: select next_val as id_val from hibernate_sequence for update
Hibernate: update hibernate_sequence set next_val= ? where next_val=?
Hibernate: insert into employees (firstname, lastname, employee_id) values (?, ?, ?)
Hibernate: insert into companies (company_name, company_id) values (?, ?)
Hibernate: insert into companies (company_name, company_id) values (?, ?)
Hibernate: insert into employees (firstname, lastname, employee_id) values (?, ?, ?)
Hibernate: insert into companies (company_name, company_id) values (?, ?)
Hibernate: insert into employees (firstname, lastname, employee_id) values (?, ?, ?)
Hibernate: insert into join_company_employee (employee_id, company_id) values (?, ?)
Hibernate: insert into join_company_employee (employee_id, company_id) values (?, ?)
Hibernate: insert into join_company_employee (employee_id, company_id) values (?, ?)
Hibernate: insert into join_company_employee (employee_id, company_id) values (?, ?)
Hibernate: insert into join_company_employee (employee_id, company_id) values (?, ?)
Hibernate: select employee0_.employee_id as employee1_1_1_, employee0_.firstname as firstnam2_1_1_, employee0_.lastname as lastname3_1_1_, companies1_.employee_id as employee1_2_3_, company2_.company_id as company_2_2_3_, company2_.company_id as company_1_0_0_, company2_.company_name as company_2_0_0_ from employees employee0_ left outer join join_company_employee companies1_ on employee0_.employee_id=companies1_.employee_id left outer join companies company2_ on companies1_.company_id=company2_.company_id where employee0_.employee_id=?
Hibernate: select employee0_.employee_id as employee1_1_1_, employee0_.firstname as firstnam2_1_1_, employee0_.lastname as lastname3_1_1_, companies1_.employee_id as employee1_2_3_, company2_.company_id as company_2_2_3_, company2_.company_id as company_1_0_0_, company2_.company_name as company_2_0_0_ from employees employee0_ left outer join join_company_employee companies1_ on employee0_.employee_id=companies1_.employee_id left outer join companies company2_ on companies1_.company_id=company2_.company_id where employee0_.employee_id=?
Hibernate: select employee0_.employee_id as employee1_1_1_, employee0_.firstname as firstnam2_1_1_, employee0_.lastname as lastname3_1_1_, companies1_.employee_id as employee1_2_3_, company2_.company_id as company_2_2_3_, company2_.company_id as company_1_0_0_, company2_.company_name as company_2_0_0_ from employees employee0_ left outer join join_company_employee companies1_ on employee0_.employee_id=companies1_.employee_id left outer join companies company2_ on companies1_.company_id=company2_.company_id where employee0_.employee_id=?
Hibernate: select employee0_.employee_id as employee1_1_1_, employee0_.firstname as firstnam2_1_1_, employee0_.lastname as lastname3_1_1_, companies1_.employee_id as employee1_2_3_, company2_.company_id as company_2_2_3_, company2_.company_id as company_1_0_0_, company2_.company_name as company_2_0_0_ from employees employee0_ left outer join join_company_employee companies1_ on employee0_.employee_id=companies1_.employee_id left outer join companies company2_ on companies1_.company_id=company2_.company_id where employee0_.employee_id=?
Hibernate: select employee0_.employee_id as employee1_1_1_, employee0_.firstname as firstnam2_1_1_, employee0_.lastname as lastname3_1_1_, companies1_.employee_id as employee1_2_3_, company2_.company_id as company_2_2_3_, company2_.company_id as company_1_0_0_, company2_.company_name as company_2_0_0_ from employees employee0_ left outer join join_company_employee companies1_ on employee0_.employee_id=companies1_.employee_id left outer join companies company2_ on companies1_.company_id=company2_.company_id where employee0_.employee_id=?
Hibernate: select employee0_.employee_id as employee1_1_1_, employee0_.firstname as firstnam2_1_1_, employee0_.lastname as lastname3_1_1_, companies1_.employee_id as employee1_2_3_, company2_.company_id as company_2_2_3_, company2_.company_id as company_1_0_0_, company2_.company_name as company_2_0_0_ from employees employee0_ left outer join join_company_employee companies1_ on employee0_.employee_id=companies1_.employee_id left outer join companies company2_ on companies1_.company_id=company2_.company_id where employee0_.employee_id=?
Hibernate: select company0_.company_id as company_1_0_1_, company0_.company_name as company_2_0_1_, employees1_.company_id as company_2_2_3_, employee2_.employee_id as employee1_2_3_, employee2_.employee_id as employee1_1_0_, employee2_.firstname as firstnam2_1_0_, employee2_.lastname as lastname3_1_0_ from companies company0_ left outer join join_company_employee employees1_ on company0_.company_id=employees1_.company_id left outer join employees employee2_ on employees1_.employee_id=employee2_.employee_id where company0_.company_id=?
Hibernate: select company0_.company_id as company_1_0_1_, company0_.company_name as company_2_0_1_, employees1_.company_id as company_2_2_3_, employee2_.employee_id as employee1_2_3_, employee2_.employee_id as employee1_1_0_, employee2_.firstname as firstnam2_1_0_, employee2_.lastname as lastname3_1_0_ from companies company0_ left outer join join_company_employee employees1_ on company0_.company_id=employees1_.company_id left outer join employees employee2_ on employees1_.employee_id=employee2_.employee_id where company0_.company_id=?
Hibernate: select company0_.company_id as company_1_0_1_, company0_.company_name as company_2_0_1_, employees1_.company_id as company_2_2_3_, employee2_.employee_id as employee1_2_3_, employee2_.employee_id as employee1_1_0_, employee2_.firstname as firstnam2_1_0_, employee2_.lastname as lastname3_1_0_ from companies company0_ left outer join join_company_employee employees1_ on company0_.company_id=employees1_.company_id left outer join employees employee2_ on employees1_.employee_id=employee2_.employee_id where company0_.company_id=?
Hibernate: select companies0_.employee_id as employee1_2_0_, companies0_.company_id as company_2_2_0_, company1_.company_id as company_1_0_1_, company1_.company_name as company_2_0_1_ from join_company_employee companies0_ inner join companies company1_ on companies0_.company_id=company1_.company_id where companies0_.employee_id=?
Hibernate: select companies0_.employee_id as employee1_2_0_, companies0_.company_id as company_2_2_0_, company1_.company_id as company_1_0_1_, company1_.company_name as company_2_0_1_ from join_company_employee companies0_ inner join companies company1_ on companies0_.company_id=company1_.company_id where companies0_.employee_id=?
Hibernate: select companies0_.employee_id as employee1_2_0_, companies0_.company_id as company_2_2_0_, company1_.company_id as company_1_0_1_, company1_.company_name as company_2_0_1_ from join_company_employee companies0_ inner join companies company1_ on companies0_.company_id=company1_.company_id where companies0_.employee_id=?
Hibernate: select company0_.company_id as company_1_0_1_, company0_.company_name as company_2_0_1_, employees1_.company_id as company_2_2_3_, employee2_.employee_id as employee1_2_3_, employee2_.employee_id as employee1_1_0_, employee2_.firstname as firstnam2_1_0_, employee2_.lastname as lastname3_1_0_ from companies company0_ left outer join join_company_employee employees1_ on company0_.company_id=employees1_.company_id left outer join employees employee2_ on employees1_.employee_id=employee2_.employee_id where company0_.company_id=?
Hibernate: select companies0_.employee_id as employee1_2_0_, companies0_.company_id as company_2_2_0_, company1_.company_id as company_1_0_1_, company1_.company_name as company_2_0_1_ from join_company_employee companies0_ inner join companies company1_ on companies0_.company_id=company1_.company_id where companies0_.employee_id=?
Hibernate: select company0_.company_id as company_1_0_1_, company0_.company_name as company_2_0_1_, employees1_.company_id as company_2_2_3_, employee2_.employee_id as employee1_2_3_, employee2_.employee_id as employee1_1_0_, employee2_.firstname as firstnam2_1_0_, employee2_.lastname as lastname3_1_0_ from companies company0_ left outer join join_company_employee employees1_ on company0_.company_id=employees1_.company_id left outer join employees employee2_ on employees1_.employee_id=employee2_.employee_id where company0_.company_id=?
Hibernate: select company0_.company_id as company_1_0_1_, company0_.company_name as company_2_0_1_, employees1_.company_id as company_2_2_3_, employee2_.employee_id as employee1_2_3_, employee2_.employee_id as employee1_1_0_, employee2_.firstname as firstnam2_1_0_, employee2_.lastname as lastname3_1_0_ from companies company0_ left outer join join_company_employee employees1_ on company0_.company_id=employees1_.company_id left outer join employees employee2_ on employees1_.employee_id=employee2_.employee_id where company0_.company_id=?
Hibernate: select companies0_.employee_id as employee1_2_0_, companies0_.company_id as company_2_2_0_, company1_.company_id as company_1_0_1_, company1_.company_name as company_2_0_1_ from join_company_employee companies0_ inner join companies company1_ on companies0_.company_id=company1_.company_id where companies0_.employee_id=?
Hibernate: select companies0_.employee_id as employee1_2_0_, companies0_.company_id as company_2_2_0_, company1_.company_id as company_1_0_1_, company1_.company_name as company_2_0_1_ from join_company_employee companies0_ inner join companies company1_ on companies0_.company_id=company1_.company_id where companies0_.employee_id=?
Hibernate: select company0_.company_id as company_1_0_1_, company0_.company_name as company_2_0_1_, employees1_.company_id as company_2_2_3_, employee2_.employee_id as employee1_2_3_, employee2_.employee_id as employee1_1_0_, employee2_.firstname as firstnam2_1_0_, employee2_.lastname as lastname3_1_0_ from companies company0_ left outer join join_company_employee employees1_ on company0_.company_id=employees1_.company_id left outer join employees employee2_ on employees1_.employee_id=employee2_.employee_id where company0_.company_id=?
Hibernate: select company0_.company_id as company_1_0_1_, company0_.company_name as company_2_0_1_, employees1_.company_id as company_2_2_3_, employee2_.employee_id as employee1_2_3_, employee2_.employee_id as employee1_1_0_, employee2_.firstname as firstnam2_1_0_, employee2_.lastname as lastname3_1_0_ from companies company0_ left outer join join_company_employee employees1_ on company0_.company_id=employees1_.company_id left outer join employees employee2_ on employees1_.employee_id=employee2_.employee_id where company0_.company_id=?
Hibernate: select companies0_.employee_id as employee1_2_0_, companies0_.company_id as company_2_2_0_, company1_.company_id as company_1_0_1_, company1_.company_name as company_2_0_1_ from join_company_employee companies0_ inner join companies company1_ on companies0_.company_id=company1_.company_id where companies0_.employee_id=?
Hibernate: select company0_.company_id as company_1_0_1_, company0_.company_name as company_2_0_1_, employees1_.company_id as company_2_2_3_, employee2_.employee_id as employee1_2_3_, employee2_.employee_id as employee1_1_0_, employee2_.firstname as firstnam2_1_0_, employee2_.lastname as lastname3_1_0_ from companies company0_ left outer join join_company_employee employees1_ on company0_.company_id=employees1_.company_id left outer join employees employee2_ on employees1_.employee_id=employee2_.employee_id where company0_.company_id=?
Hibernate: select companies0_.employee_id as employee1_2_0_, companies0_.company_id as company_2_2_0_, company1_.company_id as company_1_0_1_, company1_.company_name as company_2_0_1_ from join_company_employee companies0_ inner join companies company1_ on companies0_.company_id=company1_.company_id where companies0_.employee_id=?
Hibernate: select companies0_.employee_id as employee1_2_0_, companies0_.company_id as company_2_2_0_, company1_.company_id as company_1_0_1_, company1_.company_name as company_2_0_1_ from join_company_employee companies0_ inner join companies company1_ on companies0_.company_id=company1_.company_id where companies0_.employee_id=?
2021-04-02 14:32:31.544  INFO 18132 --- [    Test worker] c.k.p.f.manytomany.facade.FacadeApi      : Searching for company which name include: oftw
Hibernate: SELECT * FROM Companies WHERE COMPANY_NAME LIKE CONCAT('%',?,'%')
Hibernate: select next_val as id_val from hibernate_sequence for update
Hibernate: update hibernate_sequence set next_val= ? where next_val=?
Hibernate: select next_val as id_val from hibernate_sequence for update
Hibernate: update hibernate_sequence set next_val= ? where next_val=?
Hibernate: select next_val as id_val from hibernate_sequence for update
Hibernate: update hibernate_sequence set next_val= ? where next_val=?
Hibernate: select next_val as id_val from hibernate_sequence for update
Hibernate: update hibernate_sequence set next_val= ? where next_val=?
Hibernate: select next_val as id_val from hibernate_sequence for update
Hibernate: update hibernate_sequence set next_val= ? where next_val=?
Hibernate: select next_val as id_val from hibernate_sequence for update
Hibernate: update hibernate_sequence set next_val= ? where next_val=?
Hibernate: insert into employees (firstname, lastname, employee_id) values (?, ?, ?)
Hibernate: insert into companies (company_name, company_id) values (?, ?)
Hibernate: insert into companies (company_name, company_id) values (?, ?)
Hibernate: insert into employees (firstname, lastname, employee_id) values (?, ?, ?)
Hibernate: insert into companies (company_name, company_id) values (?, ?)
Hibernate: insert into employees (firstname, lastname, employee_id) values (?, ?, ?)
Hibernate: insert into join_company_employee (employee_id, company_id) values (?, ?)
Hibernate: insert into join_company_employee (employee_id, company_id) values (?, ?)
Hibernate: insert into join_company_employee (employee_id, company_id) values (?, ?)
Hibernate: insert into join_company_employee (employee_id, company_id) values (?, ?)
Hibernate: insert into join_company_employee (employee_id, company_id) values (?, ?)
Hibernate: select employee0_.employee_id as employee1_1_1_, employee0_.firstname as firstnam2_1_1_, employee0_.lastname as lastname3_1_1_, companies1_.employee_id as employee1_2_3_, company2_.company_id as company_2_2_3_, company2_.company_id as company_1_0_0_, company2_.company_name as company_2_0_0_ from employees employee0_ left outer join join_company_employee companies1_ on employee0_.employee_id=companies1_.employee_id left outer join companies company2_ on companies1_.company_id=company2_.company_id where employee0_.employee_id=?
Hibernate: select employee0_.employee_id as employee1_1_1_, employee0_.firstname as firstnam2_1_1_, employee0_.lastname as lastname3_1_1_, companies1_.employee_id as employee1_2_3_, company2_.company_id as company_2_2_3_, company2_.company_id as company_1_0_0_, company2_.company_name as company_2_0_0_ from employees employee0_ left outer join join_company_employee companies1_ on employee0_.employee_id=companies1_.employee_id left outer join companies company2_ on companies1_.company_id=company2_.company_id where employee0_.employee_id=?
Hibernate: select employee0_.employee_id as employee1_1_1_, employee0_.firstname as firstnam2_1_1_, employee0_.lastname as lastname3_1_1_, companies1_.employee_id as employee1_2_3_, company2_.company_id as company_2_2_3_, company2_.company_id as company_1_0_0_, company2_.company_name as company_2_0_0_ from employees employee0_ left outer join join_company_employee companies1_ on employee0_.employee_id=companies1_.employee_id left outer join companies company2_ on companies1_.company_id=company2_.company_id where employee0_.employee_id=?
Hibernate: select employee0_.employee_id as employee1_1_1_, employee0_.firstname as firstnam2_1_1_, employee0_.lastname as lastname3_1_1_, companies1_.employee_id as employee1_2_3_, company2_.company_id as company_2_2_3_, company2_.company_id as company_1_0_0_, company2_.company_name as company_2_0_0_ from employees employee0_ left outer join join_company_employee companies1_ on employee0_.employee_id=companies1_.employee_id left outer join companies company2_ on companies1_.company_id=company2_.company_id where employee0_.employee_id=?
Hibernate: select employee0_.employee_id as employee1_1_1_, employee0_.firstname as firstnam2_1_1_, employee0_.lastname as lastname3_1_1_, companies1_.employee_id as employee1_2_3_, company2_.company_id as company_2_2_3_, company2_.company_id as company_1_0_0_, company2_.company_name as company_2_0_0_ from employees employee0_ left outer join join_company_employee companies1_ on employee0_.employee_id=companies1_.employee_id left outer join companies company2_ on companies1_.company_id=company2_.company_id where employee0_.employee_id=?
Hibernate: select employee0_.employee_id as employee1_1_1_, employee0_.firstname as firstnam2_1_1_, employee0_.lastname as lastname3_1_1_, companies1_.employee_id as employee1_2_3_, company2_.company_id as company_2_2_3_, company2_.company_id as company_1_0_0_, company2_.company_name as company_2_0_0_ from employees employee0_ left outer join join_company_employee companies1_ on employee0_.employee_id=companies1_.employee_id left outer join companies company2_ on companies1_.company_id=company2_.company_id where employee0_.employee_id=?
Hibernate: select company0_.company_id as company_1_0_1_, company0_.company_name as company_2_0_1_, employees1_.company_id as company_2_2_3_, employee2_.employee_id as employee1_2_3_, employee2_.employee_id as employee1_1_0_, employee2_.firstname as firstnam2_1_0_, employee2_.lastname as lastname3_1_0_ from companies company0_ left outer join join_company_employee employees1_ on company0_.company_id=employees1_.company_id left outer join employees employee2_ on employees1_.employee_id=employee2_.employee_id where company0_.company_id=?
Hibernate: select company0_.company_id as company_1_0_1_, company0_.company_name as company_2_0_1_, employees1_.company_id as company_2_2_3_, employee2_.employee_id as employee1_2_3_, employee2_.employee_id as employee1_1_0_, employee2_.firstname as firstnam2_1_0_, employee2_.lastname as lastname3_1_0_ from companies company0_ left outer join join_company_employee employees1_ on company0_.company_id=employees1_.company_id left outer join employees employee2_ on employees1_.employee_id=employee2_.employee_id where company0_.company_id=?
Hibernate: select company0_.company_id as company_1_0_1_, company0_.company_name as company_2_0_1_, employees1_.company_id as company_2_2_3_, employee2_.employee_id as employee1_2_3_, employee2_.employee_id as employee1_1_0_, employee2_.firstname as firstnam2_1_0_, employee2_.lastname as lastname3_1_0_ from companies company0_ left outer join join_company_employee employees1_ on company0_.company_id=employees1_.company_id left outer join employees employee2_ on employees1_.employee_id=employee2_.employee_id where company0_.company_id=?
Hibernate: select companies0_.employee_id as employee1_2_0_, companies0_.company_id as company_2_2_0_, company1_.company_id as company_1_0_1_, company1_.company_name as company_2_0_1_ from join_company_employee companies0_ inner join companies company1_ on companies0_.company_id=company1_.company_id where companies0_.employee_id=?
Hibernate: select companies0_.employee_id as employee1_2_0_, companies0_.company_id as company_2_2_0_, company1_.company_id as company_1_0_1_, company1_.company_name as company_2_0_1_ from join_company_employee companies0_ inner join companies company1_ on companies0_.company_id=company1_.company_id where companies0_.employee_id=?
Hibernate: select companies0_.employee_id as employee1_2_0_, companies0_.company_id as company_2_2_0_, company1_.company_id as company_1_0_1_, company1_.company_name as company_2_0_1_ from join_company_employee companies0_ inner join companies company1_ on companies0_.company_id=company1_.company_id where companies0_.employee_id=?
Hibernate: select company0_.company_id as company_1_0_1_, company0_.company_name as company_2_0_1_, employees1_.company_id as company_2_2_3_, employee2_.employee_id as employee1_2_3_, employee2_.employee_id as employee1_1_0_, employee2_.firstname as firstnam2_1_0_, employee2_.lastname as lastname3_1_0_ from companies company0_ left outer join join_company_employee employees1_ on company0_.company_id=employees1_.company_id left outer join employees employee2_ on employees1_.employee_id=employee2_.employee_id where company0_.company_id=?
Hibernate: select companies0_.employee_id as employee1_2_0_, companies0_.company_id as company_2_2_0_, company1_.company_id as company_1_0_1_, company1_.company_name as company_2_0_1_ from join_company_employee companies0_ inner join companies company1_ on companies0_.company_id=company1_.company_id where companies0_.employee_id=?
Hibernate: select company0_.company_id as company_1_0_1_, company0_.company_name as company_2_0_1_, employees1_.company_id as company_2_2_3_, employee2_.employee_id as employee1_2_3_, employee2_.employee_id as employee1_1_0_, employee2_.firstname as firstnam2_1_0_, employee2_.lastname as lastname3_1_0_ from companies company0_ left outer join join_company_employee employees1_ on company0_.company_id=employees1_.company_id left outer join employees employee2_ on employees1_.employee_id=employee2_.employee_id where company0_.company_id=?
Hibernate: select company0_.company_id as company_1_0_1_, company0_.company_name as company_2_0_1_, employees1_.company_id as company_2_2_3_, employee2_.employee_id as employee1_2_3_, employee2_.employee_id as employee1_1_0_, employee2_.firstname as firstnam2_1_0_, employee2_.lastname as lastname3_1_0_ from companies company0_ left outer join join_company_employee employees1_ on company0_.company_id=employees1_.company_id left outer join employees employee2_ on employees1_.employee_id=employee2_.employee_id where company0_.company_id=?
Hibernate: select companies0_.employee_id as employee1_2_0_, companies0_.company_id as company_2_2_0_, company1_.company_id as company_1_0_1_, company1_.company_name as company_2_0_1_ from join_company_employee companies0_ inner join companies company1_ on companies0_.company_id=company1_.company_id where companies0_.employee_id=?
Hibernate: select companies0_.employee_id as employee1_2_0_, companies0_.company_id as company_2_2_0_, company1_.company_id as company_1_0_1_, company1_.company_name as company_2_0_1_ from join_company_employee companies0_ inner join companies company1_ on companies0_.company_id=company1_.company_id where companies0_.employee_id=?
Hibernate: select company0_.company_id as company_1_0_1_, company0_.company_name as company_2_0_1_, employees1_.company_id as company_2_2_3_, employee2_.employee_id as employee1_2_3_, employee2_.employee_id as employee1_1_0_, employee2_.firstname as firstnam2_1_0_, employee2_.lastname as lastname3_1_0_ from companies company0_ left outer join join_company_employee employees1_ on company0_.company_id=employees1_.company_id left outer join employees employee2_ on employees1_.employee_id=employee2_.employee_id where company0_.company_id=?
Hibernate: select company0_.company_id as company_1_0_1_, company0_.company_name as company_2_0_1_, employees1_.company_id as company_2_2_3_, employee2_.employee_id as employee1_2_3_, employee2_.employee_id as employee1_1_0_, employee2_.firstname as firstnam2_1_0_, employee2_.lastname as lastname3_1_0_ from companies company0_ left outer join join_company_employee employees1_ on company0_.company_id=employees1_.company_id left outer join employees employee2_ on employees1_.employee_id=employee2_.employee_id where company0_.company_id=?
Hibernate: select companies0_.employee_id as employee1_2_0_, companies0_.company_id as company_2_2_0_, company1_.company_id as company_1_0_1_, company1_.company_name as company_2_0_1_ from join_company_employee companies0_ inner join companies company1_ on companies0_.company_id=company1_.company_id where companies0_.employee_id=?
Hibernate: select company0_.company_id as company_1_0_1_, company0_.company_name as company_2_0_1_, employees1_.company_id as company_2_2_3_, employee2_.employee_id as employee1_2_3_, employee2_.employee_id as employee1_1_0_, employee2_.firstname as firstnam2_1_0_, employee2_.lastname as lastname3_1_0_ from companies company0_ left outer join join_company_employee employees1_ on company0_.company_id=employees1_.company_id left outer join employees employee2_ on employees1_.employee_id=employee2_.employee_id where company0_.company_id=?
Hibernate: select companies0_.employee_id as employee1_2_0_, companies0_.company_id as company_2_2_0_, company1_.company_id as company_1_0_1_, company1_.company_name as company_2_0_1_ from join_company_employee companies0_ inner join companies company1_ on companies0_.company_id=company1_.company_id where companies0_.employee_id=?
Hibernate: select companies0_.employee_id as employee1_2_0_, companies0_.company_id as company_2_2_0_, company1_.company_id as company_1_0_1_, company1_.company_name as company_2_0_1_ from join_company_employee companies0_ inner join companies company1_ on companies0_.company_id=company1_.company_id where companies0_.employee_id=?
2021-04-02 14:32:31.719  INFO 18132 --- [    Test worker] c.k.p.f.manytomany.facade.FacadeApi      : Searching for employee which name include: mit
Hibernate: SELECT * FROM Employees WHERE LASTNAME LIKE CONCAT('%',?,'%')
]]></system-out>
  <system-err><![CDATA[]]></system-err>
</testsuite>
