<?xml version="1.0" encoding="UTF-8"?>
<testsuite name="com.kodilla.patterns2.adapter.bookclassifier.MedianAdapterTestSuite" tests="1" skipped="0" failures="0" errors="0" timestamp="2021-03-27T20:56:52" hostname="DESKTOP-VB1LQU2" time="0.04">
  <properties/>
  <testcase name="publicationYearMedianTest()" classname="com.kodilla.patterns2.adapter.bookclassifier.MedianAdapterTestSuite" time="0.04"/>
  <system-out><![CDATA[Book{author='autor3', title='tytul3', publicationYear=1978, signature='003'}
Book{author='autor2', title='tytul2', publicationYear=1988, signature='002'}
Book{author='autor1', title='tytul1', publicationYear=1958, signature='001'}
1978
]]></system-out>
  <system-err><![CDATA[]]></system-err>
</testsuite>
