<?xml version="1.0" encoding="UTF-8"?>
<testsuite name="com.kodilla.patterns2.observer.homework.HomeworkTestSuit" tests="1" skipped="0" failures="0" errors="0" timestamp="2021-03-27T16:35:54" hostname="DESKTOP-VB1LQU2" time="0.037">
  <properties/>
  <testcase name="testUpdate()" classname="com.kodilla.patterns2.observer.homework.HomeworkTestSuit" time="0.037"/>
  <system-out><![CDATA[mentor1: New Task: Student1 tasks
 (total: 1 tasks)
mentor1: New Task: Student1 tasks
 (total: 2 tasks)
mentor1: New Task: Student1 tasks
 (total: 3 tasks)
mentor2: New Task: Student2 tasks
 (total: 1 tasks)
mentor2: New Task: Student2 tasks
 (total: 2 tasks)
mentor2: New Task: Student2 tasks
 (total: 3 tasks)
mentor2: New Task: Student3 tasks
 (total: 1 tasks)
mentor2: New Task: Student3 tasks
 (total: 2 tasks)
]]></system-out>
  <system-err><![CDATA[]]></system-err>
</testsuite>
