<?xml version="1.0" encoding="UTF-8"?>
<testsuite name="com.kodilla.patterns2.KodillaTestApplication" tests="1" skipped="0" failures="0" errors="0" timestamp="2021-03-27T14:16:48" hostname="DESKTOP-VB1LQU2" time="0.002">
  <properties/>
  <testcase name="contextLoads()" classname="com.kodilla.patterns2.KodillaTestApplication" time="0.002"/>
  <system-out><![CDATA[2021-03-27 14:16:48.983  INFO 9144 --- [    Test worker] .b.t.c.SpringBootTestContextBootstrapper : Neither @ContextConfiguration nor @ContextHierarchy found for test class [com.kodilla.patterns2.KodillaTestApplication], using SpringBootContextLoader
2021-03-27 14:16:48.984  INFO 9144 --- [    Test worker] o.s.t.c.support.AbstractContextLoader    : Could not detect default resource locations for test class [com.kodilla.patterns2.KodillaTestApplication]: no resource found for suffixes {-context.xml, Context.groovy}.
2021-03-27 14:16:48.985  INFO 9144 --- [    Test worker] t.c.s.AnnotationConfigContextLoaderUtils : Could not detect default configuration classes for test class [com.kodilla.patterns2.KodillaTestApplication]: KodillaTestApplication does not declare any static, non-private, non-final, nested classes annotated with @Configuration.
2021-03-27 14:16:48.989  INFO 9144 --- [    Test worker] .b.t.c.SpringBootTestContextBootstrapper : Found @SpringBootConfiguration com.kodilla.patterns2.KodillaApplication for test class com.kodilla.patterns2.KodillaTestApplication
2021-03-27 14:16:48.992  INFO 9144 --- [    Test worker] .b.t.c.SpringBootTestContextBootstrapper : Loaded default TestExecutionListener class names from location [META-INF/spring.factories]: [org.springframework.boot.test.autoconfigure.restdocs.RestDocsTestExecutionListener, org.springframework.boot.test.autoconfigure.web.client.MockRestServiceServerResetTestExecutionListener, org.springframework.boot.test.autoconfigure.web.servlet.MockMvcPrintOnlyOnFailureTestExecutionListener, org.springframework.boot.test.autoconfigure.web.servlet.WebDriverTestExecutionListener, org.springframework.boot.test.autoconfigure.webservices.client.MockWebServiceServerTestExecutionListener, org.springframework.boot.test.mock.mockito.MockitoTestExecutionListener, org.springframework.boot.test.mock.mockito.ResetMocksTestExecutionListener, org.springframework.test.context.web.ServletTestExecutionListener, org.springframework.test.context.support.DirtiesContextBeforeModesTestExecutionListener, org.springframework.test.context.event.ApplicationEventsTestExecutionListener, org.springframework.test.context.support.DependencyInjectionTestExecutionListener, org.springframework.test.context.support.DirtiesContextTestExecutionListener, org.springframework.test.context.transaction.TransactionalTestExecutionListener, org.springframework.test.context.jdbc.SqlScriptsTestExecutionListener, org.springframework.test.context.event.EventPublishingTestExecutionListener]
2021-03-27 14:16:48.993  INFO 9144 --- [    Test worker] .b.t.c.SpringBootTestContextBootstrapper : Using TestExecutionListeners: [org.springframework.test.context.support.DirtiesContextBeforeModesTestExecutionListener@56d7e80b, org.springframework.test.context.event.ApplicationEventsTestExecutionListener@3556fc42, org.springframework.boot.test.mock.mockito.MockitoTestExecutionListener@73108a5d, org.springframework.boot.test.autoconfigure.SpringBootDependencyInjectionTestExecutionListener@2e80c082, org.springframework.test.context.support.DirtiesContextTestExecutionListener@477ef2e9, org.springframework.test.context.event.EventPublishingTestExecutionListener@45c8b2a8, org.springframework.boot.test.autoconfigure.restdocs.RestDocsTestExecutionListener@32fd8a2e, org.springframework.boot.test.autoconfigure.web.client.MockRestServiceServerResetTestExecutionListener@1ad1c823, org.springframework.boot.test.autoconfigure.web.servlet.MockMvcPrintOnlyOnFailureTestExecutionListener@2a08982a, org.springframework.boot.test.autoconfigure.web.servlet.WebDriverTestExecutionListener@2ad53231, org.springframework.boot.test.autoconfigure.webservices.client.MockWebServiceServerTestExecutionListener@742771bf, org.springframework.boot.test.mock.mockito.ResetMocksTestExecutionListener@60232fc8]
]]></system-out>
  <system-err><![CDATA[]]></system-err>
</testsuite>
