<?xml version="1.0" encoding="UTF-8"?>
<testsuite name="com.kodilla.patterns2.decorator.pizza.PizzaTestSuite" tests="1" skipped="0" failures="0" errors="0" timestamp="2021-03-27T14:16:47" hostname="DESKTOP-VB1LQU2" time="0.003">
  <properties/>
  <testcase name="testPizzaPreparation()" classname="com.kodilla.patterns2.decorator.pizza.PizzaTestSuite" time="0.003"/>
  <system-out><![CDATA[]]></system-out>
  <system-err><![CDATA[]]></system-err>
</testsuite>
