<?xml version="1.0" encoding="UTF-8"?>
<testsuite name="com.kodilla.patterns2.decorator.taxiportal.TaxiOrderTestSuite" tests="7" skipped="0" failures="0" errors="0" timestamp="2021-03-27T14:16:47" hostname="DESKTOP-VB1LQU2" time="0.029">
  <properties/>
  <testcase name="testUberWithTwoChildSeatsGetCost()" classname="com.kodilla.patterns2.decorator.taxiportal.TaxiOrderTestSuite" time="0.02"/>
  <testcase name="testMyTaxiWithChildSeatGetCost()" classname="com.kodilla.patterns2.decorator.taxiportal.TaxiOrderTestSuite" time="0.001"/>
  <testcase name="testBasicTaxiOrderGetCost()" classname="com.kodilla.patterns2.decorator.taxiportal.TaxiOrderTestSuite" time="0.0"/>
  <testcase name="testMyTaxiWithChildSeatGetDescription()" classname="com.kodilla.patterns2.decorator.taxiportal.TaxiOrderTestSuite" time="0.001"/>
  <testcase name="testTaxiNetworkGetDescription()" classname="com.kodilla.patterns2.decorator.taxiportal.TaxiOrderTestSuite" time="0.002"/>
  <testcase name="testTaxiNetworkGetCost()" classname="com.kodilla.patterns2.decorator.taxiportal.TaxiOrderTestSuite" time="0.0"/>
  <testcase name="testBasicTaxiOrderGetDescription()" classname="com.kodilla.patterns2.decorator.taxiportal.TaxiOrderTestSuite" time="0.0"/>
  <system-out><![CDATA[]]></system-out>
  <system-err><![CDATA[]]></system-err>
</testsuite>
